[debug] [2017-12-23T14:13:25.075Z] ----------------------------------------------------------------------
[debug] [2017-12-23T14:13:25.078Z] Command:       C:\Program Files\nodejs\node.exe C:\Users\TIO BIGA\AppData\Roaming\npm\node_modules\firebase-tools\bin\firebase serve
[debug] [2017-12-23T14:13:25.078Z] CLI Version:   3.16.0
[debug] [2017-12-23T14:13:25.078Z] Platform:      win32
[debug] [2017-12-23T14:13:25.078Z] Node Version:  v8.9.0
[debug] [2017-12-23T14:13:25.079Z] Time:          Sat Dec 23 2017 12:13:25 GMT-0200 (Horário brasileiro de verão)
[debug] [2017-12-23T14:13:25.079Z] ----------------------------------------------------------------------
[debug] 
[debug] [2017-12-23T14:13:25.123Z] > command requires scopes: ["email","openid","https://www.googleapis.com/auth/cloudplatformprojects.readonly","https://www.googleapis.com/auth/firebase","https://www.googleapis.com/auth/cloud-platform"]
[debug] [2017-12-23T14:13:25.123Z] > authorizing via signed-in user
[debug] [2017-12-23T14:13:25.126Z] > refreshing access token with scopes: ["email","https://www.googleapis.com/auth/cloud-platform","https://www.googleapis.com/auth/cloudplatformprojects.readonly","https://www.googleapis.com/auth/firebase","openid"]
[debug] [2017-12-23T14:13:25.128Z] >>> HTTP REQUEST POST https://www.googleapis.com/oauth2/v3/token  
 { refresh_token: '1/VmkK2pTu7Gxowu9ZDUKyz5GsMtxUM-XmYfEKTA0Q8ZI',
  client_id: '563584335869-fgrhgmd47bqnekij5i8b5pr03ho849e6.apps.googleusercontent.com',
  client_secret: 'j9iVZfS8kkCEFUPaAeJV0sAi',
  grant_type: 'refresh_token',
  scope: 'email https://www.googleapis.com/auth/cloud-platform https://www.googleapis.com/auth/cloudplatformprojects.readonly https://www.googleapis.com/auth/firebase openid' } 
 Sat Dec 23 2017 12:13:25 GMT-0200 (Horário brasileiro de verão)
[debug] [2017-12-23T14:13:25.528Z] <<< HTTP RESPONSE 200
[debug] [2017-12-23T14:13:25.554Z] >>> HTTP REQUEST GET https://admin.firebase.com/v1/projects/barbara-alves-fotografia  
  
 Sat Dec 23 2017 12:13:25 GMT-0200 (Horário brasileiro de verão)
[debug] [2017-12-23T14:13:26.681Z] <<< HTTP RESPONSE 200
[debug] [2017-12-23T14:13:26.682Z] >>> HTTP REQUEST GET https://admin.firebase.com/v1/database/barbara-alves-fotografia/tokens  
  
 Sat Dec 23 2017 12:13:26 GMT-0200 (Horário brasileiro de verão)
[debug] [2017-12-23T14:13:27.421Z] <<< HTTP RESPONSE 200
[info] 
[info] === Serving from 'C:\Users\TIO BIGA\Desktop\fotografia-barbara\FotografiaBarbara'...
[info] 
[debug] [2017-12-23T14:13:27.425Z] >>> HTTP REQUEST GET https://cloudresourcemanager.googleapis.com/v1/projects/barbara-alves-fotografia  
  
 Sat Dec 23 2017 12:13:27 GMT-0200 (Horário brasileiro de verão)
[debug] [2017-12-23T14:13:28.425Z] <<< HTTP RESPONSE 200
[debug] [2017-12-23T14:13:28.426Z] >>> HTTP REQUEST GET https://mobilesdk-pa.googleapis.com/v1/projects/2313726941/clients/_:getWebAppConfig  
  
 Sat Dec 23 2017 12:13:28 GMT-0200 (Horário brasileiro de verão)
[debug] [2017-12-23T14:13:29.782Z] <<< HTTP RESPONSE 200
[info] i  hosting: Serving hosting files from: public
[info] +  hosting: Local server: http://localhost:5000

